[2m2024-09-04T14:11:34.562753Z[0m [31mERROR[0m [2mglazewm[0m[2m:[0m Workspace with name '1' doesn't exist or is already active.
[2m2024-09-04T14:11:39.229744Z[0m [31mERROR[0m [2mglazewm[0m[2m:[0m Workspace with name '1' doesn't exist or is already active.
[2m2024-09-04T14:11:43.300526Z[0m [31mERROR[0m [2mglazewm[0m[2m:[0m Workspace with name '2' doesn't exist or is already active.
[2m2024-09-04T14:12:13.788168Z[0m [31mERROR[0m [2mglazewm[0m[2m:[0m Workspace with name '1' doesn't exist or is already active.
[2m2024-09-04T14:12:27.307893Z[0m [31mERROR[0m [2mglazewm[0m[2m:[0m Workspace with name '2' doesn't exist or is already active.
[2m2024-09-04T14:12:32.520364Z[0m [31mERROR[0m [2mglazewm[0m[2m:[0m Workspace with name '1' doesn't exist or is already active.
[2m2024-09-04T18:39:06.049447Z[0m [31mERROR[0m [2mglazewm[0m[2m:[0m window_rules[2].match: invalid type: map, expected a sequence at line 106 column 7
[2m2024-09-04T18:43:28.026572Z[0m [31mERROR[0m [2mglazewm[0m[2m:[0m found character that cannot start any token at line 102 column 41, while scanning for the next token
[2m2024-09-04T18:50:21.952753Z[0m [31mERROR[0m [2mglazewm[0m[2m:[0m did not find expected ',' or '}' at line 111 column 17, while parsing a flow mapping at line 109 column 25
[2m2024-09-05T11:12:40.770940Z[0m [31mERROR[0m [2mglazewm[0m[2m:[0m could not find expected ':' at line 84 column 1, while scanning a simple key at line 82 column 5
[2m2024-09-05T11:12:58.832726Z[0m [31mERROR[0m [2mglazewm[0m[2m:[0m workspaces[8].keep_alive: invalid type: string "= true", expected a boolean at line 82 column 17
[2m2024-09-05T11:41:39.493981Z[0m [31mERROR[0m [2mglazewm[0m[2m:[0m Another instance of the application is already running.
[2m2024-09-05T13:43:49.917967Z[0m [31mERROR[0m [2mglazewm[0m[2m:[0m Another instance of the application is already running.
[2m2024-09-05T14:37:38.083715Z[0m [31mERROR[0m [2mglazewm[0m[2m:[0m Another instance of the application is already running.
[2m2024-09-05T17:27:37.961231Z[0m [31mERROR[0m [2mglazewm[0m[2m:[0m gaps: missing field `outer_gap` at line 24 column 3
[2m2024-09-06T12:37:23.604274Z[0m [31mERROR[0m [2mglazewm::common::commands::shell_exec[0m[2m:[0m [3merr_message[0m[2m=[0m"Failed to execute 'wezterm-gui'.\n\nError: The operation was canceled by the user. (0x800704C7)"
[2m2024-09-06T12:38:34.341372Z[0m [31mERROR[0m [2mglazewm::common::commands::shell_exec[0m[2m:[0m [3merr_message[0m[2m=[0m"Failed to execute 'wezterm-gui'.\n\nError: The operation was canceled by the user. (0x800704C7)"
[2m2024-09-06T12:39:32.005841Z[0m [31mERROR[0m [2mglazewm::common::commands::shell_exec[0m[2m:[0m [3merr_message[0m[2m=[0m"Failed to execute '%ProgramFiles%/WezTerm/wezterm-gui'.\n\nError: Program path is not valid for command '%ProgramFiles%/WezTerm/wezterm-gui'."
[2m2024-09-06T12:41:10.046463Z[0m [31mERROR[0m [2mglazewm::common::commands::shell_exec[0m[2m:[0m [3merr_message[0m[2m=[0m"Failed to execute 'wezterm-gui.exe'.\n\nError: The operation was canceled by the user. (0x800704C7)"
[2m2024-09-06T16:40:41.149069Z[0m [31mERROR[0m [2mglazewm[0m[2m:[0m window_rules[7]: missing field `match` at line 143 column 5
[2m2024-10-01T17:04:26.875418Z[0m [31mERROR[0m [2mglazewm[0m[2m:[0m window_rules[0].match[3]: duplicate field `window_process` at line 124 column 9
[2m2024-10-08T03:51:04.856274Z[0m [31mERROR[0m [2mglazewm[0m[2m:[0m window_effects.focused_window.border: duplicate field `color` at line 49 column 7
[2m2024-10-09T05:57:15.351373Z[0m [31mERROR[0m [2mglazewm[0m[2m:[0m gaps.outer_gap: duplicate field `top` at line 36 column 5
[2m2024-10-11T11:34:52.498783Z[0m [31mERROR[0m [2mglazewm[0m[2m:[0m could not find expected ':' at line 58 column 5, while scanning a simple key at line 54 column 7
[2m2024-10-17T07:42:32.092734Z[0m [31mERROR[0m [2mglazewm[0m[2m:[0m channel closed
[2m2024-10-22T03:24:52.204053Z[0m [31mERROR[0m [2mglazewm[0m[2m:[0m Another instance of the application is already running.
[2m2024-10-22T03:24:52.205844Z[0m [31mERROR[0m [2mglazewm[0m[2m:[0m Another instance of the application is already running.
[2m2024-10-22T03:24:52.213150Z[0m [31mERROR[0m [2mglazewm[0m[2m:[0m Another instance of the application is already running.
[2m2024-11-02T08:25:01.675362Z[0m [31mERROR[0m [2mglazewm[0m[2m:[0m window_effects.other_windows.border: duplicate field `color` at line 77 column 13
